1627291225940	geckodriver	INFO	Listening on 127.0.0.1:57901
1627291228995	mozrunner::runner	INFO	Running command: "C:\\Program Files\\Mozilla Firefox\\firefox.exe" "--marionette" "-headless" "-foreground" "-no-remote" "-profile" "C:\\Users\\KLONIP~1\\AppData\\Local\\Temp\\rust_mozprofileQNz8D0"
*** You are running in headless mode.
1627291229264	Marionette	INFO	Marionette enabled
console.warn: SearchSettings: "get: No settings file exists, new profile?" (new NotFoundError("Could not open the file at C:\\Users\\Kloniphani\\AppData\\Local\\Temp\\rust_mozprofileQNz8D0\\search.json.mozlz4", (void 0)))
1627291230113	Marionette	INFO	Listening on port 57910
1627291230544	Marionette	WARN	TLS certificate errors will be ignored for this session
JavaScript warning: https://platform.easyequities.io/Scripts/JBundle?v=BFM6zHt2ZR5VQMJOFoSjPT4hbLrwHBwLPYwJTQHa-NI1, line 9: Using //@ to indicate sourceMappingURL pragmas is deprecated. Use //# instead
1627291349823	geckodriver	INFO	Listening on 127.0.0.1:63986
1627291352875	mozrunner::runner	INFO	Running command: "C:\\Program Files\\Mozilla Firefox\\firefox.exe" "--marionette" "-headless" "-foreground" "-no-remote" "-profile" "C:\\Users\\KLONIP~1\\AppData\\Local\\Temp\\rust_mozprofileKUo9M2"
*** You are running in headless mode.
1627291353110	Marionette	INFO	Marionette enabled
console.warn: SearchSettings: "get: No settings file exists, new profile?" (new NotFoundError("Could not open the file at C:\\Users\\Kloniphani\\AppData\\Local\\Temp\\rust_mozprofileKUo9M2\\search.json.mozlz4", (void 0)))
1627291353955	Marionette	INFO	Listening on port 63999
1627291354414	Marionette	WARN	TLS certificate errors will be ignored for this session
JavaScript warning: https://platform.easyequities.io/Scripts/JBundle?v=BFM6zHt2ZR5VQMJOFoSjPT4hbLrwHBwLPYwJTQHa-NI1, line 9: Using //@ to indicate sourceMappingURL pragmas is deprecated. Use //# instead
JavaScript warning: https://platform.easyequities.io/Scripts/JBundle?v=BFM6zHt2ZR5VQMJOFoSjPT4hbLrwHBwLPYwJTQHa-NI1, line 9: Using //@ to indicate sourceMappingURL pragmas is deprecated. Use //# instead
JavaScript warning: https://platform.easyequities.io/Scripts/JBundle?v=BFM6zHt2ZR5VQMJOFoSjPT4hbLrwHBwLPYwJTQHa-NI1, line 9: Using //@ to indicate sourceMappingURL pragmas is deprecated. Use //# instead
JavaScript warning: https://platform.easyequities.io/Scripts/JBundle?v=BFM6zHt2ZR5VQMJOFoSjPT4hbLrwHBwLPYwJTQHa-NI1, line 9: Using //@ to indicate sourceMappingURL pragmas is deprecated. Use //# instead
1627291370541	Marionette	INFO	Stopped listening on port 63999
